0 info it worked if it ends with ok
1 verbose cli [ '/usr/local/bin/iojs', '/usr/local/bin/npm', 'run', 'stream' ]
2 info using npm@2.13.3
3 info using node@v3.2.0
4 verbose run-script [ 'prestream', 'stream', 'poststream' ]
5 info prestream twitter-assign1@0.0.1
6 info stream twitter-assign1@0.0.1
7 verbose unsafe-perm in lifecycle true
8 info twitter-assign1@0.0.1 Failed to exec stream script
9 verbose stack Error: twitter-assign1@0.0.1 stream: `node streaming/stream.js`
9 verbose stack Exit status 1
9 verbose stack     at EventEmitter.<anonymous> (/usr/local/lib/node_modules/npm/lib/utils/lifecycle.js:214:16)
9 verbose stack     at emitTwo (events.js:87:13)
9 verbose stack     at EventEmitter.emit (events.js:172:7)
9 verbose stack     at ChildProcess.<anonymous> (/usr/local/lib/node_modules/npm/lib/utils/spawn.js:24:14)
9 verbose stack     at emitTwo (events.js:87:13)
9 verbose stack     at ChildProcess.emit (events.js:172:7)
9 verbose stack     at maybeClose (internal/child_process.js:764:16)
9 verbose stack     at Process.ChildProcess._handle.onexit (internal/child_process.js:211:5)
10 verbose pkgid twitter-assign1@0.0.1
11 verbose cwd /Users/prakhar/Code/aws-class/homeworks/twittMap
12 error Darwin 14.5.0
13 error argv "/usr/local/bin/iojs" "/usr/local/bin/npm" "run" "stream"
14 error node v3.2.0
15 error npm  v2.13.3
16 error code ELIFECYCLE
17 error twitter-assign1@0.0.1 stream: `node streaming/stream.js`
17 error Exit status 1
18 error Failed at the twitter-assign1@0.0.1 stream script 'node streaming/stream.js'.
18 error This is most likely a problem with the twitter-assign1 package,
18 error not with npm itself.
18 error Tell the author that this fails on your system:
18 error     node streaming/stream.js
18 error You can get their info via:
18 error     npm owner ls twitter-assign1
18 error There is likely additional logging output above.
19 verbose exit [ 1, true ]
